2018-09-17 13:41:26 [INFO ] [Browser] - [startBrowser] Selected Browser is: chrome
2018-09-17 13:41:37 [INFO ] [Browser] - [startBrowser] Chrome Browser is Started2296003
2018-09-17 13:41:43 [INFO ] [Hooks] - [closeBrowser] Scenario Completed: Verify whether the User is able to register into the Application by providing all the fields
2018-09-17 13:41:43 [INFO ] [Hooks] - [closeBrowser] Scenario Status is: passed
2018-09-17 15:53:56 [INFO ] [Browser] - [startBrowser] Selected Browser is: chrome
2018-09-17 15:54:10 [INFO ] [Browser] - [startBrowser] Chrome Browser is Started2296003
2018-09-17 15:54:19 [INFO ] [Hooks] - [closeBrowser] Scenario Completed: Verify whether the User is able to register into the Application by providing all the fields
2018-09-17 15:54:19 [INFO ] [Hooks] - [closeBrowser] Scenario Status is: failed
2018-09-17 15:57:16 [INFO ] [Browser] - [startBrowser] Selected Browser is: chrome
2018-09-17 15:57:23 [INFO ] [Browser] - [startBrowser] Chrome Browser is Started2296003
2018-09-17 15:57:34 [INFO ] [Hooks] - [closeBrowser] Scenario Completed: Verify whether the User is able to register into the Application by providing all the fields
2018-09-17 15:57:34 [INFO ] [Hooks] - [closeBrowser] Scenario Status is: passed
2018-09-17 17:10:22 [INFO ] [Browser] - [startBrowser] Selected Browser is: chrome
2018-09-17 17:10:36 [INFO ] [Browser] - [startBrowser] Chrome Browser is Started2296003
2018-09-17 17:10:47 [INFO ] [Hooks] - [closeBrowser] Scenario Completed: Verify whether the User is able to register into the Application by providing all the fields
2018-09-17 17:10:47 [INFO ] [Hooks] - [closeBrowser] Scenario Status is: failed
2018-09-17 17:21:40 [INFO ] [Browser] - [startBrowser] Selected Browser is: chrome
2018-09-17 17:21:46 [INFO ] [Browser] - [startBrowser] Chrome Browser is Started2296003
2018-09-17 17:21:57 [INFO ] [Hooks] - [closeBrowser] Scenario Completed: Verify whether the User is able to register into the Application by providing all the fields
2018-09-17 17:21:57 [INFO ] [Hooks] - [closeBrowser] Scenario Status is: passed
2018-09-17 17:26:54 [INFO ] [Browser] - [startBrowser] Selected Browser is: chrome
2018-09-17 17:27:00 [INFO ] [Browser] - [startBrowser] Chrome Browser is Started2296003
2018-09-17 17:27:11 [INFO ] [Hooks] - [closeBrowser] Scenario Completed: Verify whether the User is able to register into the Application by providing all the fields
2018-09-17 17:27:11 [INFO ] [Hooks] - [closeBrowser] Scenario Status is: passed
2018-09-17 18:25:23 [INFO ] [Browser] - [startBrowser] Selected Browser is: chrome
2018-09-17 18:25:29 [INFO ] [Browser] - [startBrowser] Chrome Browser is Started3392189
2018-09-17 18:25:37 [INFO ] [Hooks] - [closeBrowser] Scenario Completed: Verify whether the User is not allowed to register on skipping mandatory fields
2018-09-17 18:25:37 [INFO ] [Hooks] - [closeBrowser] Scenario Status is: undefined
2018-09-17 18:28:26 [INFO ] [Browser] - [startBrowser] Selected Browser is: chrome
2018-09-17 18:28:32 [INFO ] [Browser] - [startBrowser] Chrome Browser is Started3392189
2018-09-17 18:28:40 [INFO ] [Hooks] - [closeBrowser] Scenario Completed: Verify whether the User is not allowed to register on skipping mandatory fields
2018-09-17 18:28:40 [INFO ] [Hooks] - [closeBrowser] Scenario Status is: undefined
2018-09-18 15:06:53 [INFO ] [Browser] - [startBrowser] Selected Browser is: chrome
2018-09-18 15:07:08 [INFO ] [Browser] - [startBrowser] Chrome Browser is Started2696050
2018-09-18 15:07:24 [INFO ] [Hooks] - [closeBrowser] Scenario Completed: Verify whether the User is not allowed to register on skipping mandatory fields
2018-09-18 15:07:24 [INFO ] [Hooks] - [closeBrowser] Scenario Status is: passed
2018-09-18 16:12:27 [INFO ] [Browser] - [startBrowser] Selected Browser is: chrome
2018-09-18 16:12:35 [INFO ] [Browser] - [startBrowser] Chrome Browser is Started17180894
2018-09-18 16:12:45 [INFO ] [Hooks] - [closeBrowser] Scenario Completed: Verify whether the User is not allowed to register on skipping mandatory fields
2018-09-18 16:12:45 [INFO ] [Hooks] - [closeBrowser] Scenario Status is: failed
2018-09-18 16:17:13 [INFO ] [Browser] - [startBrowser] Selected Browser is: chrome
2018-09-18 16:17:20 [INFO ] [Browser] - [startBrowser] Chrome Browser is Started28372007
2018-09-18 16:17:29 [INFO ] [Hooks] - [closeBrowser] Scenario Completed: Verify whether the User is not allowed to register on skipping mandatory fields
2018-09-18 16:17:29 [INFO ] [Hooks] - [closeBrowser] Scenario Status is: passed
2018-09-18 16:17:51 [INFO ] [Browser] - [startBrowser] Selected Browser is: chrome
2018-09-18 16:17:58 [INFO ] [Browser] - [startBrowser] Chrome Browser is Started28372007
2018-09-18 16:18:08 [INFO ] [Hooks] - [closeBrowser] Scenario Completed: Verify whether the User is not allowed to register on skipping mandatory fields
2018-09-18 16:18:08 [INFO ] [Hooks] - [closeBrowser] Scenario Status is: failed
2018-09-18 16:18:53 [INFO ] [Browser] - [startBrowser] Selected Browser is: chrome
2018-09-18 16:18:59 [INFO ] [Browser] - [startBrowser] Chrome Browser is Started28372007
2018-09-18 16:19:07 [INFO ] [Hooks] - [closeBrowser] Scenario Completed: Verify whether the User is not allowed to register on skipping mandatory fields
2018-09-18 16:19:07 [INFO ] [Hooks] - [closeBrowser] Scenario Status is: passed
2018-09-18 16:20:31 [INFO ] [Browser] - [startBrowser] Selected Browser is: chrome
2018-09-18 16:20:39 [INFO ] [Browser] - [startBrowser] Chrome Browser is Started28372007
2018-09-18 16:20:48 [INFO ] [Hooks] - [closeBrowser] Scenario Completed: Verify whether the User is not allowed to register on skipping mandatory fields
2018-09-18 16:20:48 [INFO ] [Hooks] - [closeBrowser] Scenario Status is: failed
2018-09-18 16:23:48 [INFO ] [Browser] - [startBrowser] Selected Browser is: chrome
2018-09-18 16:23:55 [INFO ] [Browser] - [startBrowser] Chrome Browser is Started28372007
2018-09-18 16:24:04 [INFO ] [Hooks] - [closeBrowser] Scenario Completed: Verify whether the User is not allowed to register on skipping mandatory fields
2018-09-18 16:24:04 [INFO ] [Hooks] - [closeBrowser] Scenario Status is: passed
2018-09-18 16:25:22 [INFO ] [Browser] - [startBrowser] Selected Browser is: chrome
2018-09-18 16:25:28 [INFO ] [Browser] - [startBrowser] Chrome Browser is Started28372007
2018-09-18 16:25:38 [INFO ] [Hooks] - [closeBrowser] Scenario Completed: Verify whether the User is not allowed to register on skipping mandatory fields
2018-09-18 16:25:38 [INFO ] [Hooks] - [closeBrowser] Scenario Status is: passed
2018-09-18 16:26:11 [INFO ] [Browser] - [startBrowser] Selected Browser is: chrome
2018-09-18 16:26:18 [INFO ] [Browser] - [startBrowser] Chrome Browser is Started28372007
2018-09-18 16:26:27 [INFO ] [Hooks] - [closeBrowser] Scenario Completed: Verify whether the User is not allowed to register on skipping mandatory fields
2018-09-18 16:26:27 [INFO ] [Hooks] - [closeBrowser] Scenario Status is: failed
2018-09-18 16:27:19 [INFO ] [Browser] - [startBrowser] Selected Browser is: chrome
2018-09-18 16:27:25 [INFO ] [Browser] - [startBrowser] Chrome Browser is Started28372007
2018-09-18 16:27:44 [INFO ] [Hooks] - [closeBrowser] Scenario Completed: Verify whether the User is not allowed to register on skipping mandatory fields
2018-09-18 16:27:44 [INFO ] [Hooks] - [closeBrowser] Scenario Status is: passed
2018-09-18 16:28:30 [INFO ] [Browser] - [startBrowser] Selected Browser is: chrome
2018-09-18 16:28:36 [INFO ] [Browser] - [startBrowser] Chrome Browser is Started28372007
2018-09-18 16:28:46 [INFO ] [Hooks] - [closeBrowser] Scenario Completed: Verify whether the User is not allowed to register on skipping mandatory fields
2018-09-18 16:28:46 [INFO ] [Hooks] - [closeBrowser] Scenario Status is: passed
2018-09-18 16:43:41 [INFO ] [Browser] - [startBrowser] Selected Browser is: chrome
2018-09-18 16:43:47 [INFO ] [Browser] - [startBrowser] Chrome Browser is Started30842498
2018-09-18 16:43:57 [INFO ] [Hooks] - [closeBrowser] Scenario Completed: Verify whether the User is able to regsiter into the Application along with Newsletter subscription
2018-09-18 16:43:57 [INFO ] [Hooks] - [closeBrowser] Scenario Status is: undefined
2018-09-18 16:45:57 [INFO ] [Browser] - [startBrowser] Selected Browser is: chrome
2018-09-18 16:46:04 [INFO ] [Browser] - [startBrowser] Chrome Browser is Started25931132
2018-09-18 16:46:14 [INFO ] [Hooks] - [closeBrowser] Scenario Completed: Verify whether the User is able to regsiter into the Application along with Newsletter subscription
2018-09-18 16:46:14 [INFO ] [Hooks] - [closeBrowser] Scenario Status is: passed
2018-09-18 18:07:39 [INFO ] [Browser] - [startBrowser] Selected Browser is: chrome
2018-09-18 18:07:46 [INFO ] [Browser] - [startBrowser] Chrome Browser is Started30842498
2018-09-18 18:07:55 [INFO ] [Hooks] - [closeBrowser] Scenario Completed: Verify whether the User is able to register into the Application by providing all the fields
2018-09-18 18:07:55 [INFO ] [Hooks] - [closeBrowser] Scenario Status is: undefined
2018-09-18 18:56:51 [INFO ] [Browser] - [startBrowser] Selected Browser is: chrome
2018-09-18 18:56:57 [INFO ] [Browser] - [startBrowser] Chrome Browser is Started30842498
2018-09-18 18:57:07 [INFO ] [Hooks] - [closeBrowser] Scenario Completed: Verify whether the User is able to register into the Application by providing all the fields
2018-09-18 18:57:07 [INFO ] [Hooks] - [closeBrowser] Scenario Status is: undefined
2018-09-18 19:00:10 [INFO ] [Browser] - [startBrowser] Selected Browser is: chrome
2018-09-18 19:00:16 [INFO ] [Browser] - [startBrowser] Chrome Browser is Started29089099
2018-09-18 19:00:26 [INFO ] [Hooks] - [closeBrowser] Scenario Completed: Verify whether the User is able to register into the Application by providing all the fields
2018-09-18 19:00:26 [INFO ] [Hooks] - [closeBrowser] Scenario Status is: passed
2018-09-18 19:02:45 [INFO ] [Browser] - [startBrowser] Selected Browser is: chrome
2018-09-18 19:02:51 [INFO ] [Browser] - [startBrowser] Chrome Browser is Started29089099
2018-09-18 19:03:01 [INFO ] [Hooks] - [closeBrowser] Scenario Completed: Verify whether the User is able to register into the Application by providing all the fields
2018-09-18 19:03:01 [INFO ] [Hooks] - [closeBrowser] Scenario Status is: passed
2018-09-19 10:53:00 [INFO ] [Browser] - [startBrowser] Selected Browser is: chrome
2018-09-19 10:53:07 [INFO ] [Browser] - [startBrowser] Chrome Browser is Started8736793
2018-09-19 10:53:13 [INFO ] [Hooks] - [closeBrowser] Scenario Completed: Verify whether the User is able to login with valid credentials
2018-09-19 10:53:13 [INFO ] [Hooks] - [closeBrowser] Scenario Status is: undefined
2018-09-19 12:08:49 [INFO ] [Browser] - [startBrowser] Selected Browser is: chrome
2018-09-19 12:08:55 [INFO ] [Browser] - [startBrowser] Chrome Browser is Started3283931
2018-09-19 12:09:01 [INFO ] [Hooks] - [closeBrowser] Scenario Completed: Verify whether the User is able to login with valid credentials
2018-09-19 12:09:01 [INFO ] [Hooks] - [closeBrowser] Scenario Status is: undefined
2018-09-19 14:26:18 [INFO ] [Browser] - [startBrowser] Selected Browser is: chrome
2018-09-19 14:27:01 [INFO ] [Browser] - [startBrowser] Chrome Browser is Started12408862
2018-09-19 14:27:16 [INFO ] [Hooks] - [closeBrowser] Scenario Completed: Verify whether the User is able to login with valid credentials
2018-09-19 14:27:16 [INFO ] [Hooks] - [closeBrowser] Scenario Status is: undefined
2018-09-19 14:29:49 [INFO ] [Browser] - [startBrowser] Selected Browser is: chrome
2018-09-19 14:30:01 [INFO ] [Browser] - [startBrowser] Chrome Browser is Started12408862
2018-09-19 14:30:13 [INFO ] [Hooks] - [closeBrowser] Scenario Completed: Verify whether the User is able to login with valid credentials
2018-09-19 14:30:13 [INFO ] [Hooks] - [closeBrowser] Scenario Status is: undefined
2018-09-19 14:41:51 [INFO ] [Browser] - [startBrowser] Selected Browser is: chrome
2018-09-19 14:41:59 [INFO ] [Browser] - [startBrowser] Chrome Browser is Started21860303
2018-09-19 14:42:08 [INFO ] [Hooks] - [closeBrowser] Scenario Completed: Verify whether the User is able to login with valid credentials
2018-09-19 14:42:08 [INFO ] [Hooks] - [closeBrowser] Scenario Status is: passed
2018-09-19 14:43:40 [INFO ] [Browser] - [startBrowser] Selected Browser is: chrome
2018-09-19 14:43:47 [INFO ] [Browser] - [startBrowser] Chrome Browser is Started10831198
2018-09-19 14:44:00 [INFO ] [Hooks] - [closeBrowser] Scenario Completed: Verify whether the User is able to login with valid credentials
2018-09-19 14:44:00 [INFO ] [Hooks] - [closeBrowser] Scenario Status is: passed
2018-09-19 14:56:48 [INFO ] [Browser] - [startBrowser] Selected Browser is: chrome
2018-09-19 14:57:10 [INFO ] [Browser] - [startBrowser] Chrome Browser is Started27247994
2018-09-19 14:57:27 [INFO ] [Hooks] - [closeBrowser] Scenario Completed: Verify whether the User is able to login with valid credentials
2018-09-19 14:57:27 [INFO ] [Hooks] - [closeBrowser] Scenario Status is: passed
2018-09-19 15:07:14 [INFO ] [Browser] - [startBrowser] Selected Browser is: chrome
2018-09-19 15:07:21 [INFO ] [Browser] - [startBrowser] Chrome Browser is Started10831198
2018-09-19 15:07:35 [INFO ] [Hooks] - [closeBrowser] Scenario Completed: Verify whether the User is able to login with valid credentials
2018-09-19 15:07:35 [INFO ] [Hooks] - [closeBrowser] Scenario Status is: passed
2018-09-19 15:09:04 [INFO ] [Browser] - [startBrowser] Selected Browser is: chrome
2018-09-19 15:09:11 [INFO ] [Browser] - [startBrowser] Chrome Browser is Started2296003
2018-09-19 15:09:22 [INFO ] [Hooks] - [closeBrowser] Scenario Completed: Verify whether the User is able to login with valid credentials
2018-09-19 15:09:22 [INFO ] [Hooks] - [closeBrowser] Scenario Status is: passed
2018-09-19 15:19:31 [INFO ] [Browser] - [startBrowser] Selected Browser is: chrome
2018-09-19 15:19:40 [INFO ] [Browser] - [startBrowser] Chrome Browser is Started21673754
2018-09-19 15:19:52 [INFO ] [Hooks] - [closeBrowser] Scenario Completed: Verify whether the User is able to login with valid credentials
2018-09-19 15:19:52 [INFO ] [Hooks] - [closeBrowser] Scenario Status is: passed
2018-09-19 15:19:53 [INFO ] [Hooks] - [setUp] Scenario Started: Verify that the User is not able to login with invalid credentials
2018-09-19 15:19:53 [INFO ] [Browser] - [startBrowser] Selected Browser is: chrome
2018-09-19 15:19:56 [INFO ] [Browser] - [startBrowser] Chrome Browser is Started12224371
2018-09-19 15:20:05 [INFO ] [Hooks] - [closeBrowser] Scenario Completed: Verify that the User is not able to login with invalid credentials
2018-09-19 15:20:05 [INFO ] [Hooks] - [closeBrowser] Scenario Status is: passed
2018-09-19 15:21:41 [INFO ] [Browser] - [startBrowser] Selected Browser is: chrome
2018-09-19 15:21:48 [INFO ] [Browser] - [startBrowser] Chrome Browser is Started31069392
2018-09-19 15:21:58 [INFO ] [Hooks] - [closeBrowser] Scenario Completed: Verify that the User is not able to login with invalid credentials
2018-09-19 15:21:58 [INFO ] [Hooks] - [closeBrowser] Scenario Status is: passed
2018-09-19 15:22:13 [INFO ] [Browser] - [startBrowser] Selected Browser is: chrome
2018-09-19 15:22:19 [INFO ] [Browser] - [startBrowser] Chrome Browser is Started31069392
2018-09-19 15:22:30 [INFO ] [Hooks] - [closeBrowser] Scenario Completed: Verify that the User is not able to login with invalid credentials
2018-09-19 15:22:30 [INFO ] [Hooks] - [closeBrowser] Scenario Status is: passed
2018-09-19 15:30:19 [INFO ] [Browser] - [startBrowser] Selected Browser is: chrome
2018-09-19 15:30:26 [INFO ] [Browser] - [startBrowser] Chrome Browser is Started31069392
2018-09-19 15:30:39 [INFO ] [Hooks] - [closeBrowser] Scenario Completed: Verify that the User is not able to login with invalid credentials
2018-09-19 15:30:39 [INFO ] [Hooks] - [closeBrowser] Scenario Status is: failed
2018-09-19 15:31:35 [INFO ] [Browser] - [startBrowser] Selected Browser is: chrome
2018-09-19 15:31:42 [INFO ] [Browser] - [startBrowser] Chrome Browser is Started21673754
2018-09-19 15:31:52 [INFO ] [Hooks] - [closeBrowser] Scenario Completed: Verify whether the User is able to login with valid credentials
2018-09-19 15:31:52 [INFO ] [Hooks] - [closeBrowser] Scenario Status is: passed
2018-09-19 15:31:53 [INFO ] [Hooks] - [setUp] Scenario Started: Verify that the User is not able to login with invalid credentials
2018-09-19 15:31:53 [INFO ] [Browser] - [startBrowser] Selected Browser is: chrome
2018-09-19 15:31:56 [INFO ] [Browser] - [startBrowser] Chrome Browser is Started15432542
2018-09-19 15:32:07 [INFO ] [Hooks] - [closeBrowser] Scenario Completed: Verify that the User is not able to login with invalid credentials
2018-09-19 15:32:07 [INFO ] [Hooks] - [closeBrowser] Scenario Status is: failed
2018-09-19 15:35:51 [INFO ] [Browser] - [startBrowser] Selected Browser is: chrome
2018-09-19 15:35:57 [INFO ] [Browser] - [startBrowser] Chrome Browser is Started3744581
2018-09-19 15:36:10 [INFO ] [Hooks] - [closeBrowser] Scenario Completed: Verify that the User is not able to login with invalid credentials
2018-09-19 15:36:10 [INFO ] [Hooks] - [closeBrowser] Scenario Status is: undefined
2018-09-19 15:41:16 [INFO ] [Browser] - [startBrowser] Selected Browser is: chrome
2018-09-19 15:41:23 [INFO ] [Browser] - [startBrowser] Chrome Browser is Started3744581
2018-09-19 15:41:32 [INFO ] [Hooks] - [closeBrowser] Scenario Completed: Verify that the User is not able to login with invalid credentials
2018-09-19 15:41:32 [INFO ] [Hooks] - [closeBrowser] Scenario Status is: undefined
2018-09-19 15:44:58 [INFO ] [Browser] - [startBrowser] Selected Browser is: chrome
2018-09-19 15:45:04 [INFO ] [Browser] - [startBrowser] Chrome Browser is Started31069392
2018-09-19 15:45:14 [INFO ] [Hooks] - [closeBrowser] Scenario Completed: Verify that the User is not able to login with invalid credentials
2018-09-19 15:45:14 [INFO ] [Hooks] - [closeBrowser] Scenario Status is: failed
2018-09-19 15:45:58 [INFO ] [Browser] - [startBrowser] Selected Browser is: chrome
2018-09-19 15:46:05 [INFO ] [Browser] - [startBrowser] Chrome Browser is Started31069392
2018-09-19 15:46:14 [INFO ] [Hooks] - [closeBrowser] Scenario Completed: Verify that the User is not able to login with invalid credentials
2018-09-19 15:46:14 [INFO ] [Hooks] - [closeBrowser] Scenario Status is: failed
2018-09-19 15:47:51 [INFO ] [Browser] - [startBrowser] Selected Browser is: chrome
2018-09-19 15:47:58 [INFO ] [Browser] - [startBrowser] Chrome Browser is Started31069392
2018-09-19 15:48:07 [INFO ] [Hooks] - [closeBrowser] Scenario Completed: Verify that the User is not able to login with invalid credentials
2018-09-19 15:48:07 [INFO ] [Hooks] - [closeBrowser] Scenario Status is: passed
2018-09-19 15:58:48 [INFO ] [Browser] - [startBrowser] Selected Browser is: chrome
2018-09-19 15:58:54 [INFO ] [Browser] - [startBrowser] Chrome Browser is Started3744581
2018-09-19 15:59:02 [INFO ] [Hooks] - [closeBrowser] Scenario Completed: Verify that the User is not able to login with invalid credentials
2018-09-19 15:59:02 [INFO ] [Hooks] - [closeBrowser] Scenario Status is: passed
2018-09-19 15:59:15 [INFO ] [Browser] - [startBrowser] Selected Browser is: chrome
2018-09-19 15:59:21 [INFO ] [Browser] - [startBrowser] Chrome Browser is Started31069392
2018-09-19 15:59:32 [INFO ] [Hooks] - [closeBrowser] Scenario Completed: Verify that the User is not able to login with invalid credentials
2018-09-19 15:59:32 [INFO ] [Hooks] - [closeBrowser] Scenario Status is: passed
2018-09-19 16:00:10 [INFO ] [Browser] - [startBrowser] Selected Browser is: chrome
2018-09-19 16:00:17 [INFO ] [Browser] - [startBrowser] Chrome Browser is Started31069392
2018-09-19 16:00:27 [INFO ] [Hooks] - [closeBrowser] Scenario Completed: Verify that the User is not able to login with invalid credentials
2018-09-19 16:00:27 [INFO ] [Hooks] - [closeBrowser] Scenario Status is: passed
2018-09-19 16:01:33 [INFO ] [Browser] - [startBrowser] Selected Browser is: chrome
2018-09-19 16:01:39 [INFO ] [Browser] - [startBrowser] Chrome Browser is Started15751939
2018-09-19 16:01:48 [INFO ] [Hooks] - [closeBrowser] Scenario Completed: Verify that the User is not able to login with invalid credentials
2018-09-19 16:01:48 [INFO ] [Hooks] - [closeBrowser] Scenario Status is: passed
2018-09-19 16:01:49 [INFO ] [Hooks] - [setUp] Scenario Started: Verify that the User is not able to login without providing credentials
2018-09-19 16:01:49 [INFO ] [Browser] - [startBrowser] Selected Browser is: chrome
2018-09-19 16:01:52 [INFO ] [Browser] - [startBrowser] Chrome Browser is Started18146751
2018-09-19 16:02:03 [INFO ] [Hooks] - [closeBrowser] Scenario Completed: Verify that the User is not able to login without providing credentials
2018-09-19 16:02:03 [INFO ] [Hooks] - [closeBrowser] Scenario Status is: passed
2018-09-19 17:04:27 [INFO ] [Browser] - [startBrowser] Selected Browser is: chrome
2018-09-19 17:04:35 [INFO ] [Browser] - [startBrowser] Chrome Browser is Started3744581
2018-09-19 17:04:45 [INFO ] [Hooks] - [closeBrowser] Scenario Completed: Verify whether User is able to reset his forgoten password
2018-09-19 17:04:45 [INFO ] [Hooks] - [closeBrowser] Scenario Status is: undefined
2018-09-19 17:29:39 [INFO ] [Browser] - [startBrowser] Selected Browser is: chrome
2018-09-19 17:29:46 [INFO ] [Browser] - [startBrowser] Chrome Browser is Started15970229
2018-09-19 17:29:57 [INFO ] [Hooks] - [closeBrowser] Scenario Completed: Verify whether User is able to reset his forgoten password
2018-09-19 17:29:57 [INFO ] [Hooks] - [closeBrowser] Scenario Status is: undefined
2018-09-19 17:33:51 [INFO ] [Browser] - [startBrowser] Selected Browser is: chrome
2018-09-19 17:33:57 [INFO ] [Browser] - [startBrowser] Chrome Browser is Started15970229
2018-09-19 17:34:08 [INFO ] [Hooks] - [closeBrowser] Scenario Completed: Verify whether User is able to reset his forgoten password
2018-09-19 17:34:08 [INFO ] [Hooks] - [closeBrowser] Scenario Status is: passed
2018-09-19 17:34:35 [INFO ] [Browser] - [startBrowser] Selected Browser is: chrome
2018-09-19 17:34:41 [INFO ] [Browser] - [startBrowser] Chrome Browser is Started31069392
2018-09-19 17:34:50 [INFO ] [Hooks] - [closeBrowser] Scenario Completed: Verify whether User is able to reset his forgoten password
2018-09-19 17:34:50 [INFO ] [Hooks] - [closeBrowser] Scenario Status is: passed
2018-09-19 18:21:57 [INFO ] [Browser] - [startBrowser] Selected Browser is: chrome
2018-09-19 18:22:03 [INFO ] [Browser] - [startBrowser] Chrome Browser is Started17676670
2018-09-19 18:22:10 [INFO ] [Hooks] - [closeBrowser] Scenario Completed: Verify whether the User is able to search for products
2018-09-19 18:22:10 [INFO ] [Hooks] - [closeBrowser] Scenario Status is: undefined
2018-09-20 14:45:09 [INFO ] [Browser] - [startBrowser] Selected Browser is: chrome
2018-09-20 14:45:23 [INFO ] [Browser] - [startBrowser] Chrome Browser is Started28372007
2018-09-20 14:45:57 [INFO ] [Hooks] - [closeBrowser] Scenario Completed: Verify whether User is able to reset his forgoten password
2018-09-20 14:45:57 [INFO ] [Hooks] - [closeBrowser] Scenario Status is: failed
2018-09-20 14:46:45 [INFO ] [Browser] - [startBrowser] Selected Browser is: chrome
2018-09-20 14:46:52 [INFO ] [Browser] - [startBrowser] Chrome Browser is Started15545837
2018-09-20 14:49:22 [INFO ] [Hooks] - [closeBrowser] Scenario Completed: Verify whether User is able to reset his forgoten password
2018-09-20 14:49:22 [INFO ] [Hooks] - [closeBrowser] Scenario Status is: failed
2018-09-20 14:49:41 [INFO ] [Browser] - [startBrowser] Selected Browser is: chrome
2018-09-20 14:49:47 [INFO ] [Browser] - [startBrowser] Chrome Browser is Started28372007
2018-09-20 14:50:10 [INFO ] [Hooks] - [closeBrowser] Scenario Completed: Verify whether User is able to reset his forgoten password
2018-09-20 14:50:10 [INFO ] [Hooks] - [closeBrowser] Scenario Status is: failed
2018-09-20 14:51:16 [INFO ] [Browser] - [startBrowser] Selected Browser is: chrome
2018-09-20 14:51:22 [INFO ] [Browser] - [startBrowser] Chrome Browser is Started28372007
2018-09-20 14:52:55 [INFO ] [Browser] - [takeScreenshot] Exception has Occured while taking screenshot
2018-09-20 14:53:25 [INFO ] [Browser] - [startBrowser] Selected Browser is: chrome
2018-09-20 14:53:31 [INFO ] [Browser] - [startBrowser] Chrome Browser is Started28372007
2018-09-20 14:53:44 [INFO ] [Hooks] - [closeBrowser] Scenario Completed: Verify whether User is able to reset his forgoten password
2018-09-20 14:53:44 [INFO ] [Hooks] - [closeBrowser] Scenario Status is: failed
2018-09-20 14:59:01 [INFO ] [Browser] - [startBrowser] Selected Browser is: chrome
2018-09-20 14:59:08 [INFO ] [Browser] - [startBrowser] Chrome Browser is Started15545837
2018-09-20 15:00:03 [INFO ] [Hooks] - [closeBrowser] Scenario Completed: Verify whether User is able to reset his forgoten password
2018-09-20 15:00:03 [INFO ] [Hooks] - [closeBrowser] Scenario Status is: failed
2018-09-20 15:02:14 [INFO ] [Browser] - [startBrowser] Selected Browser is: chrome
2018-09-20 15:02:20 [INFO ] [Browser] - [startBrowser] Chrome Browser is Started15545837
2018-09-20 15:07:29 [INFO ] [Browser] - [startBrowser] Selected Browser is: chrome
2018-09-20 15:07:36 [INFO ] [Browser] - [startBrowser] Chrome Browser is Started15545837
2018-09-20 15:08:08 [INFO ] [Browser] - [startBrowser] Selected Browser is: firefox
2018-09-20 15:08:23 [INFO ] [Browser] - [startBrowser] Firefox Browser is Started22558129
2018-09-20 15:12:10 [INFO ] [Browser] - [startBrowser] Selected Browser is: firefox
2018-09-20 15:12:22 [INFO ] [Browser] - [startBrowser] Firefox Browser is Started25132499
2018-09-20 15:13:01 [INFO ] [Hooks] - [closeBrowser] Scenario Completed: Verify whether User is able to reset his forgoten password
2018-09-20 15:13:01 [INFO ] [Hooks] - [closeBrowser] Scenario Status is: failed
2018-09-20 15:13:48 [INFO ] [Browser] - [startBrowser] Selected Browser is: firefox
2018-09-20 15:13:51 [INFO ] [Hooks] - [closeBrowser] Scenario Completed: Verify whether User is able to reset his forgoten password
2018-09-20 15:13:51 [INFO ] [Hooks] - [closeBrowser] Scenario Status is: failed
2018-09-20 15:13:59 [INFO ] [Browser] - [startBrowser] Firefox Browser is Started25132499
2018-09-20 15:16:09 [INFO ] [Hooks] - [closeBrowser] Scenario Completed: Verify whether User is able to reset his forgoten password
2018-09-20 15:16:09 [INFO ] [Hooks] - [closeBrowser] Scenario Status is: passed
2018-09-20 15:32:54 [INFO ] [Browser] - [startBrowser] Selected Browser is: firefox
2018-09-20 15:33:05 [INFO ] [Browser] - [startBrowser] Firefox Browser is Started15550190
2018-09-20 15:33:35 [INFO ] [Hooks] - [closeBrowser] Scenario Completed: Verify whether the User is able to search for products
2018-09-20 15:33:35 [INFO ] [Hooks] - [closeBrowser] Scenario Status is: failed
2018-09-20 15:34:30 [INFO ] [Browser] - [startBrowser] Selected Browser is: firefox
2018-09-20 15:34:48 [INFO ] [Browser] - [startBrowser] Firefox Browser is Started15550190
2018-09-20 15:39:01 [INFO ] [Browser] - [startBrowser] Selected Browser is: chrome
2018-09-20 15:39:08 [INFO ] [Browser] - [startBrowser] Chrome Browser is Started10831198
2018-09-20 15:43:01 [INFO ] [Browser] - [takeScreenshot] Exception has Occured while taking screenshot
2018-09-20 15:55:00 [INFO ] [Browser] - [startBrowser] Selected Browser is: chrome
2018-09-20 15:55:08 [INFO ] [Browser] - [startBrowser] Chrome Browser is Started10831198
2018-09-20 15:55:50 [INFO ] [Hooks] - [closeBrowser] Scenario Completed: Verify whether the User is able to search for products
2018-09-20 15:55:50 [INFO ] [Hooks] - [closeBrowser] Scenario Status is: passed
2018-09-20 16:58:56 [INFO ] [Hooks] - [setUp] Scenario Started: Verify whether the User is able to search for products
2018-09-20 18:38:36 [INFO ] [Hooks] - [setUp] Scenario Started: Verify whether User is able to reset his forgoten password
2018-09-20 18:38:36 [INFO ] [Browser] - [startBrowser] Selected Browser is: chrome
2018-09-20 18:38:45 [INFO ] [Browser] - [startBrowser] Chrome Browser is Started28372007
2018-09-20 18:41:00 [INFO ] [Hooks] - [setUp] Scenario Started: Verify whether User is able to reset his forgoten password
2018-09-20 18:41:01 [INFO ] [Browser] - [startBrowser] Selected Browser is: firefox
2018-09-20 18:41:19 [INFO ] [Browser] - [startBrowser] Firefox Browser is Started22558129
2018-09-20 18:46:29 [INFO ] [Hooks] - [closeBrowser] Scenario Completed: Verify whether User is able to reset his forgoten password
2018-09-20 18:46:29 [INFO ] [Hooks] - [closeBrowser] Scenario Status is: passed
2018-09-20 18:46:54 [INFO ] [Hooks] - [setUp] Scenario Started: Verify whether User is able to reset his forgoten password
2018-09-20 18:46:54 [INFO ] [Browser] - [startBrowser] Selected Browser is: firefox
2018-09-20 18:47:06 [INFO ] [Browser] - [startBrowser] Firefox Browser is Started22558129
2018-09-20 18:52:10 [INFO ] [Hooks] - [closeBrowser] Scenario Completed: Verify whether User is able to reset his forgoten password
2018-09-20 18:52:10 [INFO ] [Hooks] - [closeBrowser] Scenario Status is: failed
2018-09-20 18:52:44 [INFO ] [Hooks] - [setUp] Scenario Started: Verify whether User is able to reset his forgoten password
2018-09-20 18:52:44 [INFO ] [Browser] - [startBrowser] Selected Browser is: firefox
2018-09-20 18:52:56 [INFO ] [Browser] - [startBrowser] Firefox Browser is Started22558129
2018-09-20 18:54:04 [INFO ] [Hooks] - [closeBrowser] Scenario Completed: Verify whether User is able to reset his forgoten password
2018-09-20 18:54:04 [INFO ] [Hooks] - [closeBrowser] Scenario Status is: failed
2018-09-20 18:57:39 [INFO ] [Hooks] - [setUp] Scenario Started: Verify whether User is able to reset his forgoten password
2018-09-20 18:57:39 [INFO ] [Browser] - [startBrowser] Selected Browser is: firefox
2018-09-20 18:57:50 [INFO ] [Browser] - [startBrowser] Firefox Browser is Started22558129
2018-09-20 18:59:43 [INFO ] [Hooks] - [setUp] Scenario Started: Verify whether User is able to reset his forgoten password
2018-09-20 18:59:43 [INFO ] [Browser] - [startBrowser] Selected Browser is: firefox
2018-09-20 18:59:57 [INFO ] [Browser] - [startBrowser] Firefox Browser is Started22558129
2018-09-20 19:00:20 [INFO ] [Hooks] - [closeBrowser] Scenario Completed: Verify whether User is able to reset his forgoten password
2018-09-20 19:00:20 [INFO ] [Hooks] - [closeBrowser] Scenario Status is: passed
2018-09-20 19:00:46 [INFO ] [Hooks] - [setUp] Scenario Started: Verify whether User is able to reset his forgoten password
2018-09-20 19:00:46 [INFO ] [Browser] - [startBrowser] Selected Browser is: firefox
2018-09-20 19:00:59 [INFO ] [Browser] - [startBrowser] Firefox Browser is Started22558129
2018-09-20 19:01:23 [INFO ] [Hooks] - [closeBrowser] Scenario Completed: Verify whether User is able to reset his forgoten password
2018-09-20 19:01:23 [INFO ] [Hooks] - [closeBrowser] Scenario Status is: passed
2018-09-21 13:14:34 [INFO ] [Hooks] - [setUp] Scenario Started: Verify whether the User is informed when the product we have searched is not available
2018-09-21 13:14:34 [INFO ] [Browser] - [startBrowser] Selected Browser is: firefox
2018-09-21 13:15:09 [INFO ] [Browser] - [startBrowser] Firefox Browser is Started28152999
2018-09-21 13:21:11 [INFO ] [Hooks] - [setUp] Scenario Started: Verify whether the User is informed when the product we have searched is not available
2018-09-21 13:21:11 [INFO ] [Browser] - [startBrowser] Selected Browser is: firefox
2018-09-21 13:21:38 [INFO ] [Browser] - [startBrowser] Firefox Browser is Started28152999
2018-09-21 13:22:04 [INFO ] [Hooks] - [closeBrowser] Scenario Completed: Verify whether the User is informed when the product we have searched is not available
2018-09-21 13:22:04 [INFO ] [Hooks] - [closeBrowser] Scenario Status is: undefined
2018-09-21 15:30:52 [INFO ] [Hooks] - [setUp] Scenario Started: Verify whether the User is informed when the product we are searching is not available
2018-09-21 15:30:52 [INFO ] [Browser] - [startBrowser] Selected Browser is: firefox
2018-09-21 15:30:56 [INFO ] [Browser] - [takeScreenshot] Exception has Occured while taking screenshot
2018-09-21 15:52:40 [INFO ] [Hooks] - [setUp] Scenario Started: Verify whether the User is informed when the product we are searching is not available
2018-09-21 15:52:41 [INFO ] [Browser] - [startBrowser] Selected Browser is: firefox
2018-09-21 15:53:00 [INFO ] [Browser] - [startBrowser] Firefox Browser is Started28152999
2018-09-21 15:53:41 [INFO ] [Hooks] - [closeBrowser] Scenario Completed: Verify whether the User is informed when the product we are searching is not available
2018-09-21 15:53:41 [INFO ] [Hooks] - [closeBrowser] Scenario Status is: passed
2018-09-21 16:23:35 [INFO ] [Hooks] - [setUp] Scenario Started: Verify whether user is able to place an order
2018-09-21 16:23:35 [INFO ] [Browser] - [startBrowser] Selected Browser is: firefox
2018-09-21 16:23:52 [INFO ] [Browser] - [startBrowser] Firefox Browser is Started11599061
2018-09-21 16:23:55 [INFO ] [Hooks] - [closeBrowser] Scenario Completed: Verify whether user is able to place an order
2018-09-21 16:23:55 [INFO ] [Hooks] - [closeBrowser] Scenario Status is: undefined
2018-09-21 20:00:10 [INFO ] [Hooks] - [setUp] Scenario Started: Verify whether user is able to place an order
2018-09-21 20:00:10 [INFO ] [Browser] - [startBrowser] Selected Browser is: firefox
2018-09-21 20:00:22 [INFO ] [Browser] - [startBrowser] Firefox Browser is Started28152999
2018-09-21 20:01:38 [INFO ] [Hooks] - [setUp] Scenario Started: Verify whether user is able to place an order
2018-09-21 20:01:38 [INFO ] [Browser] - [startBrowser] Selected Browser is: firefox
2018-09-21 20:01:55 [INFO ] [Browser] - [startBrowser] Firefox Browser is Started28152999
2018-09-21 20:02:36 [INFO ] [Hooks] - [closeBrowser] Scenario Completed: Verify whether user is able to place an order
2018-09-21 20:02:36 [INFO ] [Hooks] - [closeBrowser] Scenario Status is: failed
2018-09-21 20:08:46 [INFO ] [Hooks] - [setUp] Scenario Started: Verify whether user is able to place an order
2018-09-21 20:08:46 [INFO ] [Browser] - [startBrowser] Selected Browser is: firefox
2018-09-21 20:09:10 [INFO ] [Browser] - [startBrowser] Firefox Browser is Started28152999
2018-09-23 17:44:06 [INFO ] [Hooks] - [setUp] Scenario Started: Verify whether user is able to place an order
2018-09-23 17:44:06 [INFO ] [Browser] - [startBrowser] Selected Browser is: firefox
2018-09-23 17:44:21 [INFO ] [Browser] - [startBrowser] Firefox Browser is Started28152999
2018-09-23 17:44:35 [INFO ] [Hooks] - [closeBrowser] Scenario Completed: Verify whether user is able to place an order
2018-09-23 17:44:35 [INFO ] [Hooks] - [closeBrowser] Scenario Status is: failed
2018-09-23 17:53:54 [INFO ] [Hooks] - [setUp] Scenario Started: Verify whether user is able to place an order
2018-09-23 17:53:54 [INFO ] [Browser] - [startBrowser] Selected Browser is: firefox
2018-09-23 17:54:07 [INFO ] [Browser] - [startBrowser] Firefox Browser is Started28152999
2018-09-23 17:54:25 [INFO ] [Hooks] - [closeBrowser] Scenario Completed: Verify whether user is able to place an order
2018-09-23 17:54:25 [INFO ] [Hooks] - [closeBrowser] Scenario Status is: failed
2018-09-23 17:57:10 [INFO ] [Hooks] - [setUp] Scenario Started: Verify whether user is able to place an order
2018-09-23 17:57:33 [INFO ] [Browser] - [startBrowser] Selected Browser is: firefox
2018-09-23 17:58:58 [INFO ] [Hooks] - [setUp] Scenario Started: Verify whether user is able to place an order
2018-09-23 17:59:24 [INFO ] [Hooks] - [setUp] Scenario Started: Verify whether user is able to place an order
2018-09-23 17:59:43 [INFO ] [Hooks] - [setUp] Scenario Started: Verify whether user is able to place an order
2018-09-23 18:00:08 [INFO ] [Hooks] - [setUp] Scenario Started: Verify whether user is able to place an order
2018-09-23 18:00:08 [INFO ] [Browser] - [startBrowser] Selected Browser is: firefox
2018-09-23 18:00:20 [INFO ] [Browser] - [startBrowser] Firefox Browser is Started28152999
2018-09-23 18:00:37 [INFO ] [Hooks] - [closeBrowser] Scenario Completed: Verify whether user is able to place an order
2018-09-23 18:00:37 [INFO ] [Hooks] - [closeBrowser] Scenario Status is: failed
2018-09-23 18:00:53 [INFO ] [Hooks] - [setUp] Scenario Started: Verify whether user is able to place an order
2018-09-23 18:00:53 [INFO ] [Browser] - [startBrowser] Selected Browser is: firefox
2018-09-23 18:01:04 [INFO ] [Browser] - [startBrowser] Firefox Browser is Started24921174
2018-09-23 18:08:50 [INFO ] [Hooks] - [setUp] Scenario Started: Verify whether user is able to place an order
2018-09-23 18:08:50 [INFO ] [Browser] - [startBrowser] Selected Browser is: firefox
2018-09-23 18:09:01 [INFO ] [Browser] - [startBrowser] Firefox Browser is Started28152999
2018-09-23 18:09:24 [INFO ] [Hooks] - [closeBrowser] Scenario Completed: Verify whether user is able to place an order
2018-09-23 18:09:24 [INFO ] [Hooks] - [closeBrowser] Scenario Status is: failed
2018-09-23 18:10:51 [INFO ] [Hooks] - [setUp] Scenario Started: Verify whether user is able to place an order
2018-09-23 18:10:51 [INFO ] [Browser] - [startBrowser] Selected Browser is: firefox
2018-09-23 18:11:02 [INFO ] [Browser] - [startBrowser] Firefox Browser is Started28152999
2018-09-23 18:11:15 [INFO ] [Hooks] - [closeBrowser] Scenario Completed: Verify whether user is able to place an order
2018-09-23 18:11:15 [INFO ] [Hooks] - [closeBrowser] Scenario Status is: failed
2018-09-23 18:12:10 [INFO ] [Hooks] - [setUp] Scenario Started: Verify whether user is able to place an order
2018-09-23 18:12:10 [INFO ] [Browser] - [startBrowser] Selected Browser is: firefox
2018-09-23 18:12:22 [INFO ] [Browser] - [startBrowser] Firefox Browser is Started28152999
2018-09-23 18:12:45 [INFO ] [Hooks] - [closeBrowser] Scenario Completed: Verify whether user is able to place an order
2018-09-23 18:12:45 [INFO ] [Hooks] - [closeBrowser] Scenario Status is: failed
2018-09-23 18:14:00 [INFO ] [Hooks] - [setUp] Scenario Started: Verify whether user is able to place an order
2018-09-23 18:14:00 [INFO ] [Browser] - [startBrowser] Selected Browser is: firefox
2018-09-23 18:14:11 [INFO ] [Browser] - [startBrowser] Firefox Browser is Started24921174
2018-09-23 18:17:30 [INFO ] [Hooks] - [setUp] Scenario Started: Verify whether user is able to place an order
2018-09-23 18:17:30 [INFO ] [Browser] - [startBrowser] Selected Browser is: firefox
2018-09-23 18:17:42 [INFO ] [Browser] - [startBrowser] Firefox Browser is Started24921174
2018-09-23 18:23:22 [INFO ] [Hooks] - [setUp] Scenario Started: Verify whether user is able to place an order
2018-09-23 18:23:22 [INFO ] [Browser] - [startBrowser] Selected Browser is: firefox
2018-09-23 18:23:33 [INFO ] [Browser] - [startBrowser] Firefox Browser is Started28152999
2018-09-23 18:23:56 [INFO ] [Hooks] - [closeBrowser] Scenario Completed: Verify whether user is able to place an order
2018-09-23 18:23:56 [INFO ] [Hooks] - [closeBrowser] Scenario Status is: failed
2018-09-23 18:24:32 [INFO ] [Hooks] - [setUp] Scenario Started: Verify whether user is able to place an order
2018-09-23 18:24:32 [INFO ] [Browser] - [startBrowser] Selected Browser is: firefox
2018-09-23 18:24:43 [INFO ] [Browser] - [startBrowser] Firefox Browser is Started24921174
2018-09-23 18:25:33 [INFO ] [Hooks] - [setUp] Scenario Started: Verify whether user is able to place an order
2018-09-23 18:25:33 [INFO ] [Browser] - [startBrowser] Selected Browser is: firefox
2018-09-23 18:25:46 [INFO ] [Browser] - [startBrowser] Firefox Browser is Started24921174
2018-09-23 18:26:51 [INFO ] [Hooks] - [setUp] Scenario Started: Verify whether user is able to place an order
2018-09-23 18:26:51 [INFO ] [Browser] - [startBrowser] Selected Browser is: firefox
2018-09-23 18:27:02 [INFO ] [Browser] - [startBrowser] Firefox Browser is Started28152999
2018-09-23 18:27:16 [INFO ] [Hooks] - [closeBrowser] Scenario Completed: Verify whether user is able to place an order
2018-09-23 18:27:16 [INFO ] [Hooks] - [closeBrowser] Scenario Status is: failed
2018-09-23 18:27:41 [INFO ] [Hooks] - [setUp] Scenario Started: Verify whether user is able to place an order
2018-09-23 18:27:41 [INFO ] [Browser] - [startBrowser] Selected Browser is: firefox
2018-09-23 18:27:52 [INFO ] [Browser] - [startBrowser] Firefox Browser is Started28152999
2018-09-23 18:28:06 [INFO ] [Hooks] - [closeBrowser] Scenario Completed: Verify whether user is able to place an order
2018-09-23 18:28:06 [INFO ] [Hooks] - [closeBrowser] Scenario Status is: failed
2018-09-23 18:29:18 [INFO ] [Hooks] - [setUp] Scenario Started: Verify whether user is able to place an order
2018-09-23 18:29:18 [INFO ] [Browser] - [startBrowser] Selected Browser is: firefox
2018-09-23 18:29:29 [INFO ] [Browser] - [startBrowser] Firefox Browser is Started24921174
2018-09-23 18:30:59 [INFO ] [Hooks] - [setUp] Scenario Started: Verify whether user is able to place an order
2018-09-23 18:30:59 [INFO ] [Browser] - [startBrowser] Selected Browser is: firefox
2018-09-23 18:31:11 [INFO ] [Browser] - [startBrowser] Firefox Browser is Started24921174
2018-09-23 18:34:15 [INFO ] [Hooks] - [closeBrowser] Scenario Completed: Verify whether user is able to place an order
2018-09-23 18:34:15 [INFO ] [Hooks] - [closeBrowser] Scenario Status is: passed
2018-09-23 18:34:35 [INFO ] [Hooks] - [setUp] Scenario Started: Verify whether user is able to place an order
2018-09-23 18:34:35 [INFO ] [Browser] - [startBrowser] Selected Browser is: firefox
2018-09-23 18:34:46 [INFO ] [Browser] - [startBrowser] Firefox Browser is Started28152999
2018-09-23 18:35:00 [INFO ] [Hooks] - [closeBrowser] Scenario Completed: Verify whether user is able to place an order
2018-09-23 18:35:00 [INFO ] [Hooks] - [closeBrowser] Scenario Status is: failed
2018-09-23 18:38:10 [INFO ] [Hooks] - [setUp] Scenario Started: Verify whether user is able to place an order
2018-09-23 18:38:10 [INFO ] [Browser] - [startBrowser] Selected Browser is: firefox
2018-09-23 18:38:21 [INFO ] [Browser] - [startBrowser] Firefox Browser is Started28152999
2018-09-23 18:38:34 [INFO ] [Hooks] - [closeBrowser] Scenario Completed: Verify whether user is able to place an order
2018-09-23 18:38:34 [INFO ] [Hooks] - [closeBrowser] Scenario Status is: failed
2018-09-23 18:38:56 [INFO ] [Hooks] - [setUp] Scenario Started: Verify whether user is able to place an order
2018-09-23 18:38:56 [INFO ] [Browser] - [startBrowser] Selected Browser is: firefox
2018-09-23 18:39:06 [INFO ] [Browser] - [startBrowser] Firefox Browser is Started28152999
2018-09-23 18:39:20 [INFO ] [Hooks] - [closeBrowser] Scenario Completed: Verify whether user is able to place an order
2018-09-23 18:39:20 [INFO ] [Hooks] - [closeBrowser] Scenario Status is: failed
2018-09-23 18:47:20 [INFO ] [Hooks] - [setUp] Scenario Started: Verify whether user is able to place an order
2018-09-23 18:47:20 [INFO ] [Browser] - [startBrowser] Selected Browser is: firefox
2018-09-23 18:47:30 [INFO ] [Browser] - [startBrowser] Firefox Browser is Started28152999
2018-09-23 18:47:44 [INFO ] [Hooks] - [closeBrowser] Scenario Completed: Verify whether user is able to place an order
2018-09-23 18:47:44 [INFO ] [Hooks] - [closeBrowser] Scenario Status is: failed
2018-09-23 18:50:04 [INFO ] [Hooks] - [setUp] Scenario Started: Verify whether user is able to place an order
2018-09-23 18:50:04 [INFO ] [Browser] - [startBrowser] Selected Browser is: firefox
2018-09-23 18:50:15 [INFO ] [Browser] - [startBrowser] Firefox Browser is Started28152999
2018-09-23 18:50:39 [INFO ] [Hooks] - [closeBrowser] Scenario Completed: Verify whether user is able to place an order
2018-09-23 18:50:39 [INFO ] [Hooks] - [closeBrowser] Scenario Status is: passed
2018-09-23 18:50:50 [INFO ] [Hooks] - [setUp] Scenario Started: Verify whether user is able to place an order
2018-09-23 18:50:51 [INFO ] [Browser] - [startBrowser] Selected Browser is: firefox
2018-09-23 18:51:00 [INFO ] [Browser] - [startBrowser] Firefox Browser is Started28152999
2018-09-23 18:51:24 [INFO ] [Hooks] - [closeBrowser] Scenario Completed: Verify whether user is able to place an order
2018-09-23 18:51:24 [INFO ] [Hooks] - [closeBrowser] Scenario Status is: passed
